<?xml version="1.0" encoding="UTF-8"?>
<!-- Generated by org.testng.reporters.JUnitReportReporter -->
<testsuite hostname="LAPTOP-PQ9GH8V5" failures="0" tests="1" name="autoLab.PageTest" time="7.376" errors="0" timestamp="2020-08-18T08:34:08 IST" skipped="0">
  <testcase classname="autoLab.PageTest" name="verifyLogin" time="7.376"/>
  <system-out/>
</testsuite> <!-- autoLab.PageTest -->
