<?xml version="1.0" encoding="UTF-8"?>
<!-- Generated by org.testng.reporters.JUnitReportReporter -->
<testsuite hostname="LAPTOP-PQ9GH8V5" failures="0" tests="1" name="javascript.Scroll" time="30.361" errors="0" timestamp="2020-09-03T18:43:27 IST" skipped="0">
  <testcase classname="javascript.Scroll" name="scrollPage" time="30.361"/>
  <system-out/>
</testsuite> <!-- javascript.Scroll -->
