<?xml version="1.0" encoding="UTF-8"?>
<!-- Generated by org.testng.reporters.JUnitReportReporter -->
<testsuite hostname="LAPTOP-PQ9GH8V5" failures="0" tests="1" name="autoLab.TitleFindind" time="18.587" errors="0" timestamp="2020-08-24T17:46:41 IST" skipped="0">
  <testcase classname="autoLab.TitleFindind" name="findTitle" time="18.587"/>
  <system-out/>
</testsuite> <!-- autoLab.TitleFindind -->
